0 info it worked if it ends with ok
1 verbose cli [ 'C:\\Program Files\\nodejs\\node.exe',
1 verbose cli   'C:\\Program Files\\nodejs\\node_modules\\npm\\bin\\npm-cli.js',
1 verbose cli   'install',
1 verbose cli   '-g',
1 verbose cli   'nodemon' ]
2 info using npm@2.15.9
3 info using node@v4.5.0
4 verbose install initial load of C:\Users\aalmeida\AppData\Roaming\npm\package.json
5 verbose readDependencies loading dependencies from C:\Users\aalmeida\AppData\Roaming\npm\package.json
6 silly cache add args [ 'nodemon', null ]
7 verbose cache add spec nodemon
8 silly cache add parsed spec Result {
8 silly cache add   raw: 'nodemon',
8 silly cache add   scope: null,
8 silly cache add   name: 'nodemon',
8 silly cache add   rawSpec: '',
8 silly cache add   spec: 'latest',
8 silly cache add   type: 'tag' }
9 silly addNamed nodemon@latest
10 verbose addNamed "latest" is being treated as a dist-tag for nodemon
11 info addNameTag [ 'nodemon', 'latest' ]
12 silly mapToRegistry name nodemon
13 silly mapToRegistry using default registry
14 silly mapToRegistry registry http://registry.npmjs.org/
15 silly mapToRegistry data Result {
15 silly mapToRegistry   raw: 'nodemon',
15 silly mapToRegistry   scope: null,
15 silly mapToRegistry   name: 'nodemon',
15 silly mapToRegistry   rawSpec: '',
15 silly mapToRegistry   spec: 'latest',
15 silly mapToRegistry   type: 'tag' }
16 silly mapToRegistry uri http://registry.npmjs.org/nodemon
17 verbose addNameTag registry:http://registry.npmjs.org/nodemon not in flight; fetching
18 verbose request uri http://registry.npmjs.org/nodemon
19 verbose request no auth needed
20 info attempt registry request try #1 at 13:55:49
21 verbose request id 77dc79a00f452a25
22 http request GET http://registry.npmjs.org/nodemon
23 info retry will retry, error on last attempt: Error: connect ETIMEDOUT 172.16.0.1:8080
24 info attempt registry request try #2 at 13:56:20
25 http request GET http://registry.npmjs.org/nodemon
26 info retry will retry, error on last attempt: Error: connect ETIMEDOUT 172.16.0.1:8080
27 info attempt registry request try #3 at 13:57:41
28 http request GET http://registry.npmjs.org/nodemon
29 verbose stack Error: connect ETIMEDOUT 172.16.0.1:8080
29 verbose stack     at Object.exports._errnoException (util.js:907:11)
29 verbose stack     at exports._exceptionWithHostPort (util.js:930:20)
29 verbose stack     at TCPConnectWrap.afterConnect [as oncomplete] (net.js:1077:14)
30 verbose cwd C:\Users\aalmeida\Downloads\website
31 error Windows_NT 10.0.14393
32 error argv "C:\\Program Files\\nodejs\\node.exe" "C:\\Program Files\\nodejs\\node_modules\\npm\\bin\\npm-cli.js" "install" "-g" "nodemon"
33 error node v4.5.0
34 error npm  v2.15.9
35 error code ETIMEDOUT
36 error errno ETIMEDOUT
37 error syscall connect
38 error network connect ETIMEDOUT 172.16.0.1:8080
38 error network This is most likely not a problem with npm itself
38 error network and is related to network connectivity.
38 error network In most cases you are behind a proxy or have bad network settings.
38 error network
38 error network If you are behind a proxy, please make sure that the
38 error network 'proxy' config is set properly.  See: 'npm help config'
39 verbose exit [ 1, true ]
